<?xml version="1.0" encoding="UTF-8" ?>
<testsuite errors="1" failures="0" hostname="gratian" name="RenderingTests.ImageRendererTests" tests="1" time="0.058" timestamp="2013-03-23T15:17:45">
  <properties>
[...]
</properties>
  <testcase classname="RenderingTests.ImageRendererTests" name="Test" time="0.008">
    <error type="java.io.IOException">java.io.IOException
	at Data.FileMapProvider.Load(FileMapProvider.java:60)
	at RenderingTests.ImageRendererTests.Test(ImageRendererTests.java:254)
</error>
  </testcase>
  <system-out><![CDATA[]]></system-out>
  <system-err><![CDATA[]]></system-err>
</testsuite>
